<?xml version="1.0" encoding="UTF-8"?>
<!-- Generated by org.testng.reporters.JUnitXMLReporter -->
<testsuite ignored="0" hostname="DESKTOP-FHQ2NT0" failures="0" tests="6" name="IgnoreTest" time="0.081" errors="0" timestamp="2024-12-22T07:23:46 GMT+12:00">
  <testcase classname="com.demotest.NewTest2" name="test4" time="0.011"/>
  <testcase classname="com.demotest.NewTest2" name="test5" time="0.002"/>
  <testcase classname="com.demotest.NewTest2" name="test6" time="0.002"/>
  <testcase classname="com.demotest.NewTest" name="test1" time="0.001"/>
  <testcase classname="com.demotest.NewTest" name="test2" time="0.001"/>
  <testcase classname="com.demotest.NewTest" name="test3" time="0.002"/>
</testsuite> <!-- IgnoreTest -->
