<?xml version="1.0" encoding="UTF-8"?>
<!-- Generated by org.testng.reporters.JUnitXMLReporter -->
<testsuite ignored="2" hostname="DESKTOP-FHQ2NT0" failures="0" tests="3" name="OrangeHRMLogin" time="17.734" errors="0" timestamp="2024-12-21T17:48:23 GMT+12:00">
  <testcase classname="com.testNG.OrangeHRM" name="LaunchApp" time="8.958"/>
  <testcase classname="com.testNG.OrangeHRM" name="EnterLoginDetails" time="1.581"/>
  <testcase classname="com.testNG.OrangeHRM" name="VerifyLogin" time="5.083"/>
  <testcase classname="com.testNG.OrangeHRM" name="VerifyMyInfo" time="0.0">
    <ignored/>
  </testcase> <!-- VerifyMyInfo -->
  <testcase classname="com.testNG.OrangeHRM" name="NavigateToMyInfo" time="0.0">
    <ignored/>
  </testcase> <!-- NavigateToMyInfo -->
</testsuite> <!-- OrangeHRMLogin -->
