<?xml version="1.0" encoding="UTF-8"?>
<!-- Generated by org.testng.reporters.JUnitXMLReporter -->
<testsuite ignored="1" hostname="DESKTOP-FHQ2NT0" failures="0" tests="4" name="OrangeHRMMyInfo" time="24.651" errors="0" timestamp="2024-12-21T17:48:47 GMT+12:00">
  <testcase classname="com.testNG.OrangeHRM" name="LaunchApp" time="10.707"/>
  <testcase classname="com.testNG.OrangeHRM" name="EnterLoginDetails" time="1.393"/>
  <testcase classname="com.testNG.OrangeHRM" name="NavigateToMyInfo" time="5.903"/>
  <testcase classname="com.testNG.OrangeHRM" name="VerifyMyInfo" time="5.042"/>
  <testcase classname="com.testNG.OrangeHRM" name="VerifyLogin" time="0.0">
    <ignored/>
  </testcase> <!-- VerifyLogin -->
</testsuite> <!-- OrangeHRMMyInfo -->
